<?xml version="1.0" encoding="UTF-8"?>
<!-- Generated by org.testng.reporters.JUnitXMLReporter -->
<testsuite hostname="AMIYOABHIRUP" name="Test1" tests="4" failures="0" timestamp="23 Feb 2017 16:32:44 GMT" time="9.266" errors="0">
  <testcase name="@BeforeTest open_browser" time="0.0" classname="com.learnautomation.testcases.verify_Registration_page">
    <failure type="org.openqa.selenium.WebDriverException" message="chrome not reachable
  (Session info: chrome=56.0.2924.87)
  (Driver info: chromedriver=2.25.426923 (0390b88869384d6eb0d5d09729679f934aab9eed),platform=Windows NT 6.1.7601 SP1 x86_64) (WARNING: The server did not provide any stacktrace information)
Command duration or timeout: 4.08 seconds
Build info: version: &amp;apos;3.0.1&amp;apos;, revision: &amp;apos;1969d75&amp;apos;, time: &amp;apos;2016-10-18 09:49:13 -0700&amp;apos;
System info: host: &amp;apos;AMIYOABHIRUP&amp;apos;, ip: &amp;apos;192.168.0.102&amp;apos;, os.name: &amp;apos;Windows 7&amp;apos;, os.arch: &amp;apos;amd64&amp;apos;, os.version: &amp;apos;6.1&amp;apos;, java.version: &amp;apos;1.8.0_20&amp;apos;
Driver info: org.openqa.selenium.chrome.ChromeDriver
Capabilities [{applicationCacheEnabled=false, rotatable=false, mobileEmulationEnabled=false, networkConnectionEnabled=false, chrome={chromedriverVersion=2.25.426923 (0390b88869384d6eb0d5d09729679f934aab9eed), userDataDir=C:\Users\AMIYO_~3\AppData\Local\Temp\scoped_dir2784_7994}, takesHeapSnapshot=true, pageLoadStrategy=normal, databaseEnabled=false, handlesAlerts=true, hasTouchScreen=false, version=56.0.2924.87, platform=XP, browserConnectionEnabled=false, nativeEvents=true, acceptSslCerts=true, locationContextEnabled=true, webStorageEnabled=true, browserName=chrome, takesScreenshot=true, javascriptEnabled=true, cssSelectorsEnabled=true}]
Session ID: f71ef24dd2a328003e4b29c871b5733b">
      <![CDATA[org.openqa.selenium.WebDriverException: chrome not reachable
  (Session info: chrome=56.0.2924.87)
  (Driver info: chromedriver=2.25.426923 (0390b88869384d6eb0d5d09729679f934aab9eed),platform=Windows NT 6.1.7601 SP1 x86_64) (WARNING: The server did not provide any stacktrace information)
Command duration or timeout: 4.08 seconds
Build info: version: '3.0.1', revision: '1969d75', time: '2016-10-18 09:49:13 -0700'
System info: host: 'AMIYOABHIRUP', ip: '192.168.0.102', os.name: 'Windows 7', os.arch: 'amd64', os.version: '6.1', java.version: '1.8.0_20'
Driver info: org.openqa.selenium.chrome.ChromeDriver
Capabilities [{applicationCacheEnabled=false, rotatable=false, mobileEmulationEnabled=false, networkConnectionEnabled=false, chrome={chromedriverVersion=2.25.426923 (0390b88869384d6eb0d5d09729679f934aab9eed), userDataDir=C:\Users\AMIYO_~3\AppData\Local\Temp\scoped_dir2784_7994}, takesHeapSnapshot=true, pageLoadStrategy=normal, databaseEnabled=false, handlesAlerts=true, hasTouchScreen=false, version=56.0.2924.87, platform=XP, browserConnectionEnabled=false, nativeEvents=true, acceptSslCerts=true, locationContextEnabled=true, webStorageEnabled=true, browserName=chrome, takesScreenshot=true, javascriptEnabled=true, cssSelectorsEnabled=true}]
Session ID: f71ef24dd2a328003e4b29c871b5733b
	at org.openqa.selenium.remote.ErrorHandler.createThrowable(ErrorHandler.java:216)
	at org.openqa.selenium.remote.ErrorHandler.throwIfResponseFailed(ErrorHandler.java:168)
	at org.openqa.selenium.remote.RemoteWebDriver.execute(RemoteWebDriver.java:635)
	at org.openqa.selenium.remote.RemoteWebDriver.get(RemoteWebDriver.java:322)
	at base_class.Dynamic_browser.open_browser(Dynamic_browser.java:59)
... Removed 26 stack frames]]>
    </failure>
  </testcase> <!-- @BeforeTest open_browser -->
  <testcase name="@BeforeClass setup" time="0.0" classname="com.learnautomation.testcases.verify_Registration_page">
    <skipped/>
  </testcase> <!-- @BeforeClass setup -->
  <testcase name="@AfterTest close_browser" time="0.0" classname="com.learnautomation.testcases.verify_Registration_page">
    <skipped/>
  </testcase> <!-- @AfterTest close_browser -->
  <testcase name="nav_to_Reg" time="0.003" classname="com.learnautomation.testcases.verify_Registration_page">
    <skipped/>
  </testcase> <!-- nav_to_Reg -->
  <testcase name="user_Login" time="0.001" classname="com.learnautomation.testcases.verify_Registration_page">
    <skipped/>
  </testcase> <!-- user_Login -->
  <testcase name="Index_Assignment1_count_no_of_box" time="0.001" classname="com.learnautomation.testcases.verify_Registration_page">
    <skipped/>
  </testcase> <!-- Index_Assignment1_count_no_of_box -->
  <testcase name="Index_Assignment2" time="0.003" classname="com.learnautomation.testcases.verify_Registration_page">
    <skipped/>
  </testcase> <!-- Index_Assignment2 -->
</testsuite> <!-- Test1 -->
